{"ts":1712111772604,"action":"PROJECT_OPENED","tags":{"PROJECT_NAME":"java-vjezba1"}}
{"ts":1712111773859,"action":"FILE_OPENED","file":"/src/Main.java","tags":{"FILE_LINE_OF_CODE":"5"}}
{"ts":1712111776437,"action":"IDE_DEACTIVATED"}
{"ts":1712111777101,"action":"IDE_ACTIVATED"}
{"ts":1712111777587,"action":"IDE_DEACTIVATED"}
{"ts":1712111778067,"action":"IDE_ACTIVATED"}
{"ts":1712111784967,"action":"IDE_DEACTIVATED"}
{"ts":1712111786120,"action":"IDE_ACTIVATED"}
{"ts":1712111800177,"action":"IDE_DEACTIVATED"}
{"ts":1712111813706,"action":"IDE_ACTIVATED"}
{"ts":1712112085759,"action":"IDE_DEACTIVATED"}
{"ts":1712112109229,"action":"IDE_ACTIVATED"}
{"ts":1712112129369,"action":"IDE_DEACTIVATED"}
{"ts":1712112133448,"action":"IDE_ACTIVATED"}
{"ts":1712112134908,"action":"IDE_DEACTIVATED"}
{"ts":1712112136434,"action":"IDE_ACTIVATED"}
{"ts":1712112139971,"action":"IDE_DEACTIVATED"}
{"ts":1712112143819,"action":"IDE_ACTIVATED"}
{"ts":1712112151100,"action":"IDE_DEACTIVATED"}
{"ts":1712112152288,"action":"IDE_ACTIVATED"}
{"ts":1712112181493,"action":"IDE_DEACTIVATED"}
{"ts":1712112195087,"action":"IDE_ACTIVATED"}
{"ts":1712112199268,"action":"IDE_DEACTIVATED"}
{"ts":1712112208919,"action":"IDE_ACTIVATED"}
{"ts":1712112230486,"action":"IDE_DEACTIVATED"}
{"ts":1712112232579,"action":"IDE_ACTIVATED"}
{"ts":1712112233400,"action":"IDE_DEACTIVATED"}
{"ts":1712112236671,"action":"IDE_ACTIVATED"}
{"ts":1712112251148,"action":"IDE_DEACTIVATED"}
{"ts":1712112253083,"action":"IDE_ACTIVATED"}
{"ts":1712112338816,"action":"IDE_DEACTIVATED"}
{"ts":1712112344064,"action":"IDE_ACTIVATED"}
{"ts":1712112346673,"action":"IDE_DEACTIVATED"}
{"ts":1712112349704,"action":"IDE_ACTIVATED"}
{"ts":1712112351102,"action":"IDE_DEACTIVATED"}
{"ts":1712112352223,"action":"IDE_ACTIVATED"}
{"ts":1712112358906,"action":"IDE_DEACTIVATED"}
{"ts":1712112360864,"action":"IDE_ACTIVATED"}
{"ts":1712112421935,"action":"IDE_DEACTIVATED"}
{"ts":1712112469677,"action":"IDE_ACTIVATED"}
{"ts":1712112553001,"action":"IDE_DEACTIVATED"}
{"ts":1712112583629,"action":"IDE_ACTIVATED"}
{"ts":1712112617073,"action":"IDE_DEACTIVATED"}
{"ts":1712112617275,"action":"PROJECT_CLOSED","tags":{"PROJECT_NAME":"java-vjezba1"}}
{"ts":1712158341684,"action":"FILE_OPENED","file":"/src/Main.java","tags":{"FILE_LINE_OF_CODE":"14"}}
{"ts":1712158341898,"action":"PROJECT_OPENED","tags":{"PROJECT_NAME":"java-vjezba1"}}
{"ts":1712158355445,"action":"IDE_DEACTIVATED"}
{"ts":1712158356531,"action":"IDE_ACTIVATED"}
{"ts":1712158446567,"action":"IDE_DEACTIVATED"}
{"ts":1712158467363,"action":"IDE_ACTIVATED"}
{"ts":1712158596156,"action":"IDE_DEACTIVATED"}
{"ts":1712158602582,"action":"IDE_ACTIVATED"}
{"ts":1712158612403,"action":"IDE_DEACTIVATED"}
{"ts":1712158619065,"action":"IDE_ACTIVATED"}
{"ts":1712158635158,"action":"IDE_DEACTIVATED"}
{"ts":1712158646033,"action":"IDE_ACTIVATED"}
{"ts":1712158710812,"action":"IDE_DEACTIVATED"}
{"ts":1712158719082,"action":"IDE_ACTIVATED"}
{"ts":1712158807636,"action":"IDE_DEACTIVATED"}
{"ts":1712159044210,"action":"IDE_ACTIVATED"}
{"ts":1712159122451,"action":"IDE_DEACTIVATED"}
{"ts":1712159235605,"action":"IDE_ACTIVATED"}
{"ts":1712159446153,"action":"IDE_DEACTIVATED"}
{"ts":1712159771068,"action":"IDE_ACTIVATED"}
{"ts":1712159795813,"action":"IDE_DEACTIVATED"}
{"ts":1712159796043,"action":"PROJECT_CLOSED","tags":{"PROJECT_NAME":"java-vjezba1"}}
{"ts":1712159813730,"action":"FILE_OPENED","file":"/src/Main.java","tags":{"FILE_LINE_OF_CODE":"20"}}
{"ts":1712159813932,"action":"PROJECT_OPENED","tags":{"PROJECT_NAME":"java-vjezba1"}}
{"ts":1712159819386,"action":"IDE_DEACTIVATED"}
{"ts":1712159820369,"action":"PROJECT_CLOSED","tags":{"PROJECT_NAME":"java-vjezba1"}}
